<?xml version="1.0" encoding="UTF-8"?>
<!-- Generated by org.testng.reporters.JUnitReportReporter -->
<testsuite hostname="Rajkumar-HP" name="com.actitime.generics.TestBase" tests="1" failures="0" timestamp="17 Jul 2018 06:18:29 GMT" time="0.010" errors="0">
  <testcase name="firstTest" time="0.010" classname="com.actitime.generics.TestBase"/>
</testsuite> <!-- com.actitime.generics.TestBase -->
